==2204== Memcheck, a memory error detector
==2204== Copyright (C) 2002-2017, and GNU GPL'd, by Julian Seward et al.
==2204== Using Valgrind-3.16.1 and LibVEX; rerun with -h for copyright info
==2204== Command: ./exec
==2204== Parent PID: 16
==2204== 
==2204== 
==2204== FILE DESCRIPTORS: 4 open at exit.
==2204== Open file descriptor 3: /com.docker.devenvironments.code/valgrind.log
==2204==    <inherited from parent>
==2204== 
==2204== Open file descriptor 2: /dev/pts/1
==2204==    <inherited from parent>
==2204== 
==2204== Open file descriptor 1: /dev/pts/1
==2204==    <inherited from parent>
==2204== 
==2204== Open file descriptor 0: /dev/pts/1
==2204==    <inherited from parent>
==2204== 
==2204== 
==2204== HEAP SUMMARY:
==2204==     in use at exit: 0 bytes in 0 blocks
==2204==   total heap usage: 5 allocs, 5 frees, 1,968 bytes allocated
==2204== 
==2204== All heap blocks were freed -- no leaks are possible
==2204== 
==2204== ERROR SUMMARY: 0 errors from 0 contexts (suppressed: 0 from 0)
